[debug] [2018-07-16T19:16:27.827Z] ----------------------------------------------------------------------
[debug] [2018-07-16T19:16:27.830Z] Command:       /usr/local/bin/node /usr/local/bin/firebase login
[debug] [2018-07-16T19:16:27.830Z] CLI Version:   3.19.3
[debug] [2018-07-16T19:16:27.830Z] Platform:      linux
[debug] [2018-07-16T19:16:27.831Z] Node Version:  v10.6.0
[debug] [2018-07-16T19:16:27.950Z] Time:          Tue Jul 17 2018 00:46:27 GMT+0530 (India Standard Time)
[debug] [2018-07-16T19:16:27.950Z] ----------------------------------------------------------------------
[debug] 
[info] 
[info] Visit this URL on any device to log in:
[info] https://accounts.google.com/o/oauth2/auth?client_id=563584335869-fgrhgmd47bqnekij5i8b5pr03ho849e6.apps.googleusercontent.com&scope=email%20openid%20https%3A%2F%2Fwww.googleapis.com%2Fauth%2Fcloudplatformprojects.readonly%20https%3A%2F%2Fwww.googleapis.com%2Fauth%2Ffirebase%20https%3A%2F%2Fwww.googleapis.com%2Fauth%2Fcloud-platform&response_type=code&state=684504119&redirect_uri=http%3A%2F%2Flocalhost%3A9005
[info] 
[info] Waiting for authentication...
[debug] [2018-07-16T19:17:25.098Z] ----------------------------------------------------------------------
[debug] [2018-07-16T19:17:25.100Z] Command:       /usr/local/bin/node /usr/local/bin/firebase login
[debug] [2018-07-16T19:17:25.100Z] CLI Version:   3.19.3
[debug] [2018-07-16T19:17:25.101Z] Platform:      linux
[debug] [2018-07-16T19:17:25.101Z] Node Version:  v10.6.0
[debug] [2018-07-16T19:17:25.102Z] Time:          Tue Jul 17 2018 00:47:25 GMT+0530 (India Standard Time)
[debug] [2018-07-16T19:17:25.102Z] ----------------------------------------------------------------------
[debug] 
[info] 
[info] Visit this URL on any device to log in:
[info] https://accounts.google.com/o/oauth2/auth?client_id=563584335869-fgrhgmd47bqnekij5i8b5pr03ho849e6.apps.googleusercontent.com&scope=email%20openid%20https%3A%2F%2Fwww.googleapis.com%2Fauth%2Fcloudplatformprojects.readonly%20https%3A%2F%2Fwww.googleapis.com%2Fauth%2Ffirebase%20https%3A%2F%2Fwww.googleapis.com%2Fauth%2Fcloud-platform&response_type=code&state=957303884&redirect_uri=http%3A%2F%2Flocalhost%3A9005
[info] 
[info] Waiting for authentication...
[debug] [2018-07-16T19:17:42.519Z] ----------------------------------------------------------------------
[debug] [2018-07-16T19:17:42.522Z] Command:       /usr/local/bin/node /usr/local/bin/firebase login
[debug] [2018-07-16T19:17:42.522Z] CLI Version:   3.19.3
[debug] [2018-07-16T19:17:42.522Z] Platform:      linux
[debug] [2018-07-16T19:17:42.522Z] Node Version:  v10.6.0
[debug] [2018-07-16T19:17:42.523Z] Time:          Tue Jul 17 2018 00:47:42 GMT+0530 (India Standard Time)
[debug] [2018-07-16T19:17:42.523Z] ----------------------------------------------------------------------
[debug] 
[info] 
[info] Visit this URL on any device to log in:
[info] https://accounts.google.com/o/oauth2/auth?client_id=563584335869-fgrhgmd47bqnekij5i8b5pr03ho849e6.apps.googleusercontent.com&scope=email%20openid%20https%3A%2F%2Fwww.googleapis.com%2Fauth%2Fcloudplatformprojects.readonly%20https%3A%2F%2Fwww.googleapis.com%2Fauth%2Ffirebase%20https%3A%2F%2Fwww.googleapis.com%2Fauth%2Fcloud-platform&response_type=code&state=666419981&redirect_uri=http%3A%2F%2Flocalhost%3A9005
[info] 
[info] Waiting for authentication...
